<?xml version="1.0" encoding="UTF-8"?>
<!-- Generated by org.testng.reporters.JUnitReportReporter -->
<testsuite hostname="TestingWorld-PC" name="testcases.TC_001" tests="1" failures="0" timestamp="2 Sep 2017 15:49:03 GMT" time="10.877" errors="0">
  <testcase name="tcase1" time="10.877" classname="testcases.TC_001"/>
</testsuite> <!-- testcases.TC_001 -->
